Traceback (most recent call last):
  File "/usr/local/lib/python3.10/dist-packages/jupyter_cache/executors/utils.py", line 58, in single_nb_execution
    executenb(
  File "/usr/local/lib/python3.10/dist-packages/nbclient/client.py", line 1314, in execute
    return NotebookClient(nb=nb, resources=resources, km=km, **kwargs).execute()
  File "/usr/local/lib/python3.10/dist-packages/jupyter_core/utils/__init__.py", line 165, in wrapped
    return loop.run_until_complete(inner)
  File "/usr/lib/python3.10/asyncio/base_events.py", line 649, in run_until_complete
    return future.result()
  File "/usr/local/lib/python3.10/dist-packages/nbclient/client.py", line 709, in async_execute
    await self.async_execute_cell(
  File "/usr/local/lib/python3.10/dist-packages/nbclient/client.py", line 1062, in async_execute_cell
    await self._check_raise_for_error(cell, cell_index, exec_reply)
  File "/usr/local/lib/python3.10/dist-packages/nbclient/client.py", line 918, in _check_raise_for_error
    raise CellExecutionError.from_cell_and_msg(cell, exec_reply_content)
nbclient.exceptions.CellExecutionError: An error occurred while executing the following cell:
------------------
main_df = pd.read_csv('https://raw.githubusercontent.com/meinhere/ppw/master/publish/tugas-2/data_berita.csv', delimiter=',')
main_df
------------------


[0;31m---------------------------------------------------------------------------[0m
[0;31mHTTPError[0m                                 Traceback (most recent call last)
[0;32m<ipython-input-3-3a1293ed40ec>[0m in [0;36m<cell line: 1>[0;34m()[0m
[0;32m----> 1[0;31m [0mmain_df[0m [0;34m=[0m [0mpd[0m[0;34m.[0m[0mread_csv[0m[0;34m([0m[0;34m'https://raw.githubusercontent.com/meinhere/ppw/master/publish/tugas-2/data_berita.csv'[0m[0;34m,[0m [0mdelimiter[0m[0;34m=[0m[0;34m','[0m[0;34m)[0m[0;34m[0m[0;34m[0m[0m
[0m[1;32m      2[0m [0mmain_df[0m[0;34m[0m[0;34m[0m[0m

[0;32m/usr/local/lib/python3.10/dist-packages/pandas/io/parsers/readers.py[0m in [0;36mread_csv[0;34m(filepath_or_buffer, sep, delimiter, header, names, index_col, usecols, dtype, engine, converters, true_values, false_values, skipinitialspace, skiprows, skipfooter, nrows, na_values, keep_default_na, na_filter, verbose, skip_blank_lines, parse_dates, infer_datetime_format, keep_date_col, date_parser, date_format, dayfirst, cache_dates, iterator, chunksize, compression, thousands, decimal, lineterminator, quotechar, quoting, doublequote, escapechar, comment, encoding, encoding_errors, dialect, on_bad_lines, delim_whitespace, low_memory, memory_map, float_precision, storage_options, dtype_backend)[0m
[1;32m   1024[0m     [0mkwds[0m[0;34m.[0m[0mupdate[0m[0;34m([0m[0mkwds_defaults[0m[0;34m)[0m[0;34m[0m[0;34m[0m[0m
[1;32m   1025[0m [0;34m[0m[0m
[0;32m-> 1026[0;31m     [0;32mreturn[0m [0m_read[0m[0;34m([0m[0mfilepath_or_buffer[0m[0;34m,[0m [0mkwds[0m[0;34m)[0m[0;34m[0m[0;34m[0m[0m
[0m[1;32m   1027[0m [0;34m[0m[0m
[1;32m   1028[0m [0;34m[0m[0m

[0;32m/usr/local/lib/python3.10/dist-packages/pandas/io/parsers/readers.py[0m in [0;36m_read[0;34m(filepath_or_buffer, kwds)[0m
[1;32m    618[0m [0;34m[0m[0m
[1;32m    619[0m     [0;31m# Create the parser.[0m[0;34m[0m[0;34m[0m[0m
[0;32m--> 620[0;31m     [0mparser[0m [0;34m=[0m [0mTextFileReader[0m[0;34m([0m[0mfilepath_or_buffer[0m[0;34m,[0m [0;34m**[0m[0mkwds[0m[0;34m)[0m[0;34m[0m[0;34m[0m[0m
[0m[1;32m    621[0m [0;34m[0m[0m
[1;32m    622[0m     [0;32mif[0m [0mchunksize[0m [0;32mor[0m [0miterator[0m[0;34m:[0m[0;34m[0m[0;34m[0m[0m

[0;32m/usr/local/lib/python3.10/dist-packages/pandas/io/parsers/readers.py[0m in [0;36m__init__[0;34m(self, f, engine, **kwds)[0m
[1;32m   1618[0m [0;34m[0m[0m
[1;32m   1619[0m         [0mself[0m[0;34m.[0m[0mhandles[0m[0;34m:[0m [0mIOHandles[0m [0;34m|[0m [0;32mNone[0m [0;34m=[0m [0;32mNone[0m[0;34m[0m[0;34m[0m[0m
[0;32m-> 1620[0;31m         [0mself[0m[0;34m.[0m[0m_engine[0m [0;34m=[0m [0mself[0m[0;34m.[0m[0m_make_engine[0m[0;34m([0m[0mf[0m[0;34m,[0m [0mself[0m[0;34m.[0m[0mengine[0m[0;34m)[0m[0;34m[0m[0;34m[0m[0m
[0m[1;32m   1621[0m [0;34m[0m[0m
[1;32m   1622[0m     [0;32mdef[0m [0mclose[0m[0;34m([0m[0mself[0m[0;34m)[0m [0;34m->[0m [0;32mNone[0m[0;34m:[0m[0;34m[0m[0;34m[0m[0m

[0;32m/usr/local/lib/python3.10/dist-packages/pandas/io/parsers/readers.py[0m in [0;36m_make_engine[0;34m(self, f, engine)[0m
[1;32m   1878[0m                 [0;32mif[0m [0;34m"b"[0m [0;32mnot[0m [0;32min[0m [0mmode[0m[0;34m:[0m[0;34m[0m[0;34m[0m[0m
[1;32m   1879[0m                     [0mmode[0m [0;34m+=[0m [0;34m"b"[0m[0;34m[0m[0;34m[0m[0m
[0;32m-> 1880[0;31m             self.handles = get_handle(
[0m[1;32m   1881[0m                 [0mf[0m[0;34m,[0m[0;34m[0m[0;34m[0m[0m
[1;32m   1882[0m                 [0mmode[0m[0;34m,[0m[0;34m[0m[0;34m[0m[0m

[0;32m/usr/local/lib/python3.10/dist-packages/pandas/io/common.py[0m in [0;36mget_handle[0;34m(path_or_buf, mode, encoding, compression, memory_map, is_text, errors, storage_options)[0m
[1;32m    726[0m [0;34m[0m[0m
[1;32m    727[0m     [0;31m# open URLs[0m[0;34m[0m[0;34m[0m[0m
[0;32m--> 728[0;31m     ioargs = _get_filepath_or_buffer(
[0m[1;32m    729[0m         [0mpath_or_buf[0m[0;34m,[0m[0;34m[0m[0;34m[0m[0m
[1;32m    730[0m         [0mencoding[0m[0;34m=[0m[0mencoding[0m[0;34m,[0m[0;34m[0m[0;34m[0m[0m

[0;32m/usr/local/lib/python3.10/dist-packages/pandas/io/common.py[0m in [0;36m_get_filepath_or_buffer[0;34m(filepath_or_buffer, encoding, compression, mode, storage_options)[0m
[1;32m    382[0m         [0;31m# assuming storage_options is to be interpreted as headers[0m[0;34m[0m[0;34m[0m[0m
[1;32m    383[0m         [0mreq_info[0m [0;34m=[0m [0murllib[0m[0;34m.[0m[0mrequest[0m[0;34m.[0m[0mRequest[0m[0;34m([0m[0mfilepath_or_buffer[0m[0;34m,[0m [0mheaders[0m[0;34m=[0m[0mstorage_options[0m[0;34m)[0m[0;34m[0m[0;34m[0m[0m
[0;32m--> 384[0;31m         [0;32mwith[0m [0murlopen[0m[0;34m([0m[0mreq_info[0m[0;34m)[0m [0;32mas[0m [0mreq[0m[0;34m:[0m[0;34m[0m[0;34m[0m[0m
[0m[1;32m    385[0m             [0mcontent_encoding[0m [0;34m=[0m [0mreq[0m[0;34m.[0m[0mheaders[0m[0;34m.[0m[0mget[0m[0;34m([0m[0;34m"Content-Encoding"[0m[0;34m,[0m [0;32mNone[0m[0;34m)[0m[0;34m[0m[0;34m[0m[0m
[1;32m    386[0m             [0;32mif[0m [0mcontent_encoding[0m [0;34m==[0m [0;34m"gzip"[0m[0;34m:[0m[0;34m[0m[0;34m[0m[0m

[0;32m/usr/local/lib/python3.10/dist-packages/pandas/io/common.py[0m in [0;36murlopen[0;34m(*args, **kwargs)[0m
[1;32m    287[0m     [0;32mimport[0m [0murllib[0m[0;34m.[0m[0mrequest[0m[0;34m[0m[0;34m[0m[0m
[1;32m    288[0m [0;34m[0m[0m
[0;32m--> 289[0;31m     [0;32mreturn[0m [0murllib[0m[0;34m.[0m[0mrequest[0m[0;34m.[0m[0murlopen[0m[0;34m([0m[0;34m*[0m[0margs[0m[0;34m,[0m [0;34m**[0m[0mkwargs[0m[0;34m)[0m[0;34m[0m[0;34m[0m[0m
[0m[1;32m    290[0m [0;34m[0m[0m
[1;32m    291[0m [0;34m[0m[0m

[0;32m/usr/lib/python3.10/urllib/request.py[0m in [0;36murlopen[0;34m(url, data, timeout, cafile, capath, cadefault, context)[0m
[1;32m    214[0m     [0;32melse[0m[0;34m:[0m[0;34m[0m[0;34m[0m[0m
[1;32m    215[0m         [0mopener[0m [0;34m=[0m [0m_opener[0m[0;34m[0m[0;34m[0m[0m
[0;32m--> 216[0;31m     [0;32mreturn[0m [0mopener[0m[0;34m.[0m[0mopen[0m[0;34m([0m[0murl[0m[0;34m,[0m [0mdata[0m[0;34m,[0m [0mtimeout[0m[0;34m)[0m[0;34m[0m[0;34m[0m[0m
[0m[1;32m    217[0m [0;34m[0m[0m
[1;32m    218[0m [0;32mdef[0m [0minstall_opener[0m[0;34m([0m[0mopener[0m[0;34m)[0m[0;34m:[0m[0;34m[0m[0;34m[0m[0m

[0;32m/usr/lib/python3.10/urllib/request.py[0m in [0;36mopen[0;34m(self, fullurl, data, timeout)[0m
[1;32m    523[0m         [0;32mfor[0m [0mprocessor[0m [0;32min[0m [0mself[0m[0;34m.[0m[0mprocess_response[0m[0;34m.[0m[0mget[0m[0;34m([0m[0mprotocol[0m[0;34m,[0m [0;34m[[0m[0;34m][0m[0;34m)[0m[0;34m:[0m[0;34m[0m[0;34m[0m[0m
[1;32m    524[0m             [0mmeth[0m [0;34m=[0m [0mgetattr[0m[0;34m([0m[0mprocessor[0m[0;34m,[0m [0mmeth_name[0m[0;34m)[0m[0;34m[0m[0;34m[0m[0m
[0;32m--> 525[0;31m             [0mresponse[0m [0;34m=[0m [0mmeth[0m[0;34m([0m[0mreq[0m[0;34m,[0m [0mresponse[0m[0;34m)[0m[0;34m[0m[0;34m[0m[0m
[0m[1;32m    526[0m [0;34m[0m[0m
[1;32m    527[0m         [0;32mreturn[0m [0mresponse[0m[0;34m[0m[0;34m[0m[0m

[0;32m/usr/lib/python3.10/urllib/request.py[0m in [0;36mhttp_response[0;34m(self, request, response)[0m
[1;32m    632[0m         [0;31m# request was successfully received, understood, and accepted.[0m[0;34m[0m[0;34m[0m[0m
[1;32m    633[0m         [0;32mif[0m [0;32mnot[0m [0;34m([0m[0;36m200[0m [0;34m<=[0m [0mcode[0m [0;34m<[0m [0;36m300[0m[0;34m)[0m[0;34m:[0m[0;34m[0m[0;34m[0m[0m
[0;32m--> 634[0;31m             response = self.parent.error(
[0m[1;32m    635[0m                 'http', request, response, code, msg, hdrs)
[1;32m    636[0m [0;34m[0m[0m

[0;32m/usr/lib/python3.10/urllib/request.py[0m in [0;36merror[0;34m(self, proto, *args)[0m
[1;32m    561[0m         [0;32mif[0m [0mhttp_err[0m[0;34m:[0m[0;34m[0m[0;34m[0m[0m
[1;32m    562[0m             [0margs[0m [0;34m=[0m [0;34m([0m[0mdict[0m[0;34m,[0m [0;34m'default'[0m[0;34m,[0m [0;34m'http_error_default'[0m[0;34m)[0m [0;34m+[0m [0morig_args[0m[0;34m[0m[0;34m[0m[0m
[0;32m--> 563[0;31m             [0;32mreturn[0m [0mself[0m[0;34m.[0m[0m_call_chain[0m[0;34m([0m[0;34m*[0m[0margs[0m[0;34m)[0m[0;34m[0m[0;34m[0m[0m
[0m[1;32m    564[0m [0;34m[0m[0m
[1;32m    565[0m [0;31m# XXX probably also want an abstract factory that knows when it makes[0m[0;34m[0m[0;34m[0m[0m

[0;32m/usr/lib/python3.10/urllib/request.py[0m in [0;36m_call_chain[0;34m(self, chain, kind, meth_name, *args)[0m
[1;32m    494[0m         [0;32mfor[0m [0mhandler[0m [0;32min[0m [0mhandlers[0m[0;34m:[0m[0;34m[0m[0;34m[0m[0m
[1;32m    495[0m             [0mfunc[0m [0;34m=[0m [0mgetattr[0m[0;34m([0m[0mhandler[0m[0;34m,[0m [0mmeth_name[0m[0;34m)[0m[0;34m[0m[0;34m[0m[0m
[0;32m--> 496[0;31m             [0mresult[0m [0;34m=[0m [0mfunc[0m[0;34m([0m[0;34m*[0m[0margs[0m[0;34m)[0m[0;34m[0m[0;34m[0m[0m
[0m[1;32m    497[0m             [0;32mif[0m [0mresult[0m [0;32mis[0m [0;32mnot[0m [0;32mNone[0m[0;34m:[0m[0;34m[0m[0;34m[0m[0m
[1;32m    498[0m                 [0;32mreturn[0m [0mresult[0m[0;34m[0m[0;34m[0m[0m

[0;32m/usr/lib/python3.10/urllib/request.py[0m in [0;36mhttp_error_default[0;34m(self, req, fp, code, msg, hdrs)[0m
[1;32m    641[0m [0;32mclass[0m [0mHTTPDefaultErrorHandler[0m[0;34m([0m[0mBaseHandler[0m[0;34m)[0m[0;34m:[0m[0;34m[0m[0;34m[0m[0m
[1;32m    642[0m     [0;32mdef[0m [0mhttp_error_default[0m[0;34m([0m[0mself[0m[0;34m,[0m [0mreq[0m[0;34m,[0m [0mfp[0m[0;34m,[0m [0mcode[0m[0;34m,[0m [0mmsg[0m[0;34m,[0m [0mhdrs[0m[0;34m)[0m[0;34m:[0m[0;34m[0m[0;34m[0m[0m
[0;32m--> 643[0;31m         [0;32mraise[0m [0mHTTPError[0m[0;34m([0m[0mreq[0m[0;34m.[0m[0mfull_url[0m[0;34m,[0m [0mcode[0m[0;34m,[0m [0mmsg[0m[0;34m,[0m [0mhdrs[0m[0;34m,[0m [0mfp[0m[0;34m)[0m[0;34m[0m[0;34m[0m[0m
[0m[1;32m    644[0m [0;34m[0m[0m
[1;32m    645[0m [0;32mclass[0m [0mHTTPRedirectHandler[0m[0;34m([0m[0mBaseHandler[0m[0;34m)[0m[0;34m:[0m[0;34m[0m[0;34m[0m[0m

[0;31mHTTPError[0m: HTTP Error 404: Not Found

